#
# There is insufficient memory for the Java Runtime Environment to continue.
# Native memory allocation (malloc) failed to allocate 889456 bytes. Error detail: Chunk::new
# Possible reasons:
#   The system is out of physical RAM or swap space
#   This process is running with CompressedOops enabled, and the Java Heap may be blocking the growth of the native heap
# Possible solutions:
#   Reduce memory load on the system
#   Increase physical memory or swap space
#   Check if swap backing store is full
#   Decrease Java heap size (-Xmx/-Xms)
#   Decrease number of Java threads
#   Decrease Java thread stack sizes (-Xss)
#   Set larger code cache with -XX:ReservedCodeCacheSize=
#   JVM is running with Unscaled Compressed Oops mode in which the Java heap is
#     placed in the first 4GB address space. The Java Heap base address is the
#     maximum limit for the native heap growth. Please use -XX:HeapBaseMinAddress
#     to set the Java Heap base and to place the Java Heap above 4GB virtual address.
# This output file may be truncated or incomplete.
#
#  Out of Memory Error (arena.cpp:168), pid=30924, tid=21428
#
# JRE version: OpenJDK Runtime Environment Temurin-21.0.10+7 (21.0.10+7) (build 21.0.10+7-LTS)
# Java VM: OpenJDK 64-Bit Server VM Temurin-21.0.10+7 (21.0.10+7-LTS, mixed mode, sharing, tiered, compressed oops, compressed class ptrs, g1 gc, windows-amd64)
# No core dump will be written. Minidumps are not enabled by default on client versions of Windows
#

---------------  S U M M A R Y ------------

Command Line: --add-opens=java.base/java.lang=ALL-UNNAMED --add-opens=java.base/java.lang.invoke=ALL-UNNAMED --add-opens=java.base/java.util=ALL-UNNAMED --add-opens=java.prefs/java.util.prefs=ALL-UNNAMED --add-exports=jdk.compiler/com.sun.tools.javac.api=ALL-UNNAMED --add-exports=jdk.compiler/com.sun.tools.javac.util=ALL-UNNAMED --add-opens=java.base/java.util=ALL-UNNAMED --add-opens=java.prefs/java.util.prefs=ALL-UNNAMED --add-opens=java.base/java.nio.charset=ALL-UNNAMED --add-opens=java.base/java.net=ALL-UNNAMED --add-opens=java.base/java.util.concurrent.atomic=ALL-UNNAMED --add-opens=java.xml/javax.xml.namespace=ALL-UNNAMED -Xmx2048m -Dfile.encoding=UTF-8 -Duser.country=IN -Duser.language=en -Duser.variant -javaagent:C:\Users\saisr\.gradle\wrapper\dists\gradle-8.11.1-bin\bpt9gzteqjrbo1mjrsomdt32c\gradle-8.11.1\lib\agents\gradle-instrumentation-agent-8.11.1.jar org.gradle.launcher.daemon.bootstrap.GradleDaemon 8.11.1

Host: AMD Ryzen 7 5700U with Radeon Graphics         , 16 cores, 13G,  Windows 11 , 64 bit Build 26100 (10.0.26100.8521)
Time: Fri Jun 19 15:20:24 2026 India Standard Time elapsed time: 41.883313 seconds (0d 0h 0m 41s)

---------------  T H R E A D  ---------------

Current thread (0x0000020a797e5660):  JavaThread "C2 CompilerThread1" daemon [_thread_in_native, id=21428, stack(0x000000de38b00000,0x000000de38c00000) (1024K)]


Current CompileTask:
C2:41883 5730       4       java.net.URLClassLoader$1::run (5 bytes)

Stack: [0x000000de38b00000,0x000000de38c00000]
Native frames: (J=compiled Java code, j=interpreted, Vv=VM code, C=native code)
V  [jvm.dll+0x6d7a39]
V  [jvm.dll+0x8b4b26]
V  [jvm.dll+0x8b70de]
V  [jvm.dll+0x8b77c3]
V  [jvm.dll+0x284346]
V  [jvm.dll+0xc66ed]
V  [jvm.dll+0xc6c31]
V  [jvm.dll+0x2fb29e]
V  [jvm.dll+0x5fe884]
V  [jvm.dll+0x255b17]
V  [jvm.dll+0x255edd]
V  [jvm.dll+0x24e500]
V  [jvm.dll+0x24ba42]
V  [jvm.dll+0x1cb34e]
V  [jvm.dll+0x25b85d]
V  [jvm.dll+0x259dea]
V  [jvm.dll+0x3f857e]
V  [jvm.dll+0x85f59d]
V  [jvm.dll+0x6d626d]
C  [ucrtbase.dll+0x2cd30]
C  [KERNEL32.DLL+0x2e957]
C  [ntdll.dll+0x87c1c]


---------------  P R O C E S S  ---------------

Threads class SMR info:
_java_thread_list=0x0000020a7bd02500, length=39, elements={
0x0000020a59f927d0, 0x0000020a7219b080, 0x0000020a7219c650, 0x0000020a721a6ba0,
0x0000020a721a7f50, 0x0000020a721a7230, 0x0000020a721a57f0, 0x0000020a721b0120,
0x0000020a721c99d0, 0x0000020a721a6510, 0x0000020a721a85e0, 0x0000020a721a78c0,
0x0000020a721a5160, 0x0000020a77147e40, 0x0000020a77146400, 0x0000020a77148b60,
0x0000020a77149f10, 0x0000020a77149880, 0x0000020a771477b0, 0x0000020a7714a5a0,
0x0000020a77147120, 0x0000020a7714b950, 0x0000020a771484d0, 0x0000020a7714cd00,
0x0000020a7714d390, 0x0000020a77146a90, 0x0000020a7714b2c0, 0x0000020a7714bfe0,
0x0000020a7714ac30, 0x0000020a78697970, 0x0000020a78696c50, 0x0000020a786965c0,
0x0000020a786972e0, 0x0000020a78698000, 0x0000020a78698d20, 0x0000020a786993b0,
0x0000020a775c3bc0, 0x0000020a775c69b0, 0x0000020a797e5660
}

Java Threads: ( => current thread )
  0x0000020a59f927d0 JavaThread "main"                              [_thread_blocked, id=26456, stack(0x000000de34b00000,0x000000de34c00000) (1024K)]
  0x0000020a7219b080 JavaThread "Reference Handler"          daemon [_thread_blocked, id=25508, stack(0x000000de35300000,0x000000de35400000) (1024K)]
  0x0000020a7219c650 JavaThread "Finalizer"                  daemon [_thread_blocked, id=33352, stack(0x000000de35400000,0x000000de35500000) (1024K)]
  0x0000020a721a6ba0 JavaThread "Signal Dispatcher"          daemon [_thread_blocked, id=14712, stack(0x000000de35500000,0x000000de35600000) (1024K)]
  0x0000020a721a7f50 JavaThread "Attach Listener"            daemon [_thread_blocked, id=7436, stack(0x000000de35600000,0x000000de35700000) (1024K)]
  0x0000020a721a7230 JavaThread "Service Thread"             daemon [_thread_blocked, id=20716, stack(0x000000de35700000,0x000000de35800000) (1024K)]
  0x0000020a721a57f0 JavaThread "Monitor Deflation Thread"   daemon [_thread_blocked, id=21164, stack(0x000000de35800000,0x000000de35900000) (1024K)]
  0x0000020a721b0120 JavaThread "C2 CompilerThread0"         daemon [_thread_in_native, id=21952, stack(0x000000de35900000,0x000000de35a00000) (1024K)]
  0x0000020a721c99d0 JavaThread "C1 CompilerThread0"         daemon [_thread_blocked, id=31088, stack(0x000000de35a00000,0x000000de35b00000) (1024K)]
  0x0000020a721a6510 JavaThread "Common-Cleaner"             daemon [_thread_blocked, id=17936, stack(0x000000de35d00000,0x000000de35e00000) (1024K)]
  0x0000020a721a85e0 JavaThread "Notification Thread"        daemon [_thread_blocked, id=11392, stack(0x000000de35e00000,0x000000de35f00000) (1024K)]
  0x0000020a721a78c0 JavaThread "Daemon health stats"               [_thread_blocked, id=19720, stack(0x000000de35f00000,0x000000de36000000) (1024K)]
  0x0000020a721a5160 JavaThread "SeedGenerator Thread"       daemon [_thread_blocked, id=28224, stack(0x000000de36600000,0x000000de36700000) (1024K)]
  0x0000020a77147e40 JavaThread "Incoming local TCP Connector on port 56560"        [_thread_in_native, id=1516, stack(0x000000de35c00000,0x000000de35d00000) (1024K)]
  0x0000020a77146400 JavaThread "Daemon periodic checks"            [_thread_blocked, id=25208, stack(0x000000de36900000,0x000000de36a00000) (1024K)]
  0x0000020a77148b60 JavaThread "Daemon"                            [_thread_blocked, id=23448, stack(0x000000de36100000,0x000000de36200000) (1024K)]
  0x0000020a77149f10 JavaThread "Handler for socket connection from /127.0.0.1:56560 to /127.0.0.1:56563"        [_thread_in_native, id=32436, stack(0x000000de36a00000,0x000000de36b00000) (1024K)]
  0x0000020a77149880 JavaThread "Cancel handler"                    [_thread_blocked, id=2108, stack(0x000000de36700000,0x000000de36800000) (1024K)]
  0x0000020a771477b0 JavaThread "Daemon worker"                     [_thread_in_vm, id=32672, stack(0x000000de36c00000,0x000000de36d00000) (1024K)]
  0x0000020a7714a5a0 JavaThread "Asynchronous log dispatcher for DefaultDaemonConnection: socket connection from /127.0.0.1:56560 to /127.0.0.1:56563"        [_thread_blocked, id=15408, stack(0x000000de36e00000,0x000000de36f00000) (1024K)]
  0x0000020a77147120 JavaThread "Stdin handler"                     [_thread_blocked, id=22684, stack(0x000000de36f00000,0x000000de37000000) (1024K)]
  0x0000020a7714b950 JavaThread "Daemon client event forwarder"        [_thread_blocked, id=24524, stack(0x000000de37000000,0x000000de37100000) (1024K)]
  0x0000020a771484d0 JavaThread "Cache worker for journal cache (C:\Users\saisr\.gradle\caches\journal-1)"        [_thread_blocked, id=21068, stack(0x000000de36800000,0x000000de36900000) (1024K)]
  0x0000020a7714cd00 JavaThread "File lock request listener"        [_thread_in_native, id=18084, stack(0x000000de37200000,0x000000de37300000) (1024K)]
  0x0000020a7714d390 JavaThread "Cache worker for file hash cache (C:\Users\saisr\.gradle\caches\8.11.1\fileHashes)"        [_thread_blocked, id=16704, stack(0x000000de36b00000,0x000000de36c00000) (1024K)]
  0x0000020a77146a90 JavaThread "File lock release action executor"        [_thread_blocked, id=31688, stack(0x000000de37100000,0x000000de37200000) (1024K)]
  0x0000020a7714b2c0 JavaThread "Cache worker for file content cache (C:\Users\saisr\.gradle\caches\8.11.1\fileContent)"        [_thread_blocked, id=23904, stack(0x000000de37600000,0x000000de37700000) (1024K)]
  0x0000020a7714bfe0 JavaThread "Cache worker for file hash cache (C:\NITW\AgriSenseAi\AgriSenseAi\.gradle\8.11.1\fileHashes)"        [_thread_blocked, id=12480, stack(0x000000de37300000,0x000000de37400000) (1024K)]
  0x0000020a7714ac30 JavaThread "Cache worker for Build Output Cleanup Cache (C:\NITW\AgriSenseAi\AgriSenseAi\.gradle\buildOutputCleanup)"        [_thread_blocked, id=17616, stack(0x000000de38000000,0x000000de38100000) (1024K)]
  0x0000020a78697970 JavaThread "File watcher server"        daemon [_thread_in_native, id=18540, stack(0x000000de37500000,0x000000de37600000) (1024K)]
  0x0000020a78696c50 JavaThread "File watcher consumer"      daemon [_thread_blocked, id=19332, stack(0x000000de38100000,0x000000de38200000) (1024K)]
  0x0000020a786965c0 JavaThread "Cache worker for checksums cache (C:\NITW\AgriSenseAi\AgriSenseAi\.gradle\8.11.1\checksums)"        [_thread_blocked, id=21720, stack(0x000000de38300000,0x000000de38400000) (1024K)]
  0x0000020a786972e0 JavaThread "Cache worker for cache directory md-rule (C:\Users\saisr\.gradle\caches\8.11.1\md-rule)"        [_thread_blocked, id=4684, stack(0x000000de38400000,0x000000de38500000) (1024K)]
  0x0000020a78698000 JavaThread "Cache worker for cache directory md-supplier (C:\Users\saisr\.gradle\caches\8.11.1\md-supplier)"        [_thread_blocked, id=17128, stack(0x000000de38500000,0x000000de38600000) (1024K)]
  0x0000020a78698d20 JavaThread "jar transforms"                    [_thread_blocked, id=34396, stack(0x000000de35b00000,0x000000de35c00000) (1024K)]
  0x0000020a786993b0 JavaThread "jar transforms Thread 2"           [_thread_blocked, id=34456, stack(0x000000de38700000,0x000000de38800000) (1024K)]
  0x0000020a775c3bc0 JavaThread "jar transforms Thread 3"           [_thread_blocked, id=34680, stack(0x000000de38a00000,0x000000de38b00000) (1024K)]
  0x0000020a775c69b0 JavaThread "jar transforms Thread 4"           [_thread_blocked, id=34692, stack(0x000000de37f00000,0x000000de38000000) (1024K)]
=>0x0000020a797e5660 JavaThread "C2 CompilerThread1"         daemon [_thread_in_native, id=21428, stack(0x000000de38b00000,0x000000de38c00000) (1024K)]
Total: 39

Other Threads:
  0x0000020a721852a0 VMThread "VM Thread"                           [id=22984, stack(0x000000de35200000,0x000000de35300000) (1024K)]
  0x0000020a72170850 WatcherThread "VM Periodic Task Thread"        [id=28640, stack(0x000000de35100000,0x000000de35200000) (1024K)]
  0x0000020a59febf20 WorkerThread "GC Thread#0"                     [id=27864, stack(0x000000de34c00000,0x000000de34d00000) (1024K)]
  0x0000020a729b88c0 WorkerThread "GC Thread#1"                     [id=32308, stack(0x000000de36200000,0x000000de36300000) (1024K)]
  0x0000020a72a52730 WorkerThread "GC Thread#2"                     [id=16052, stack(0x000000de36300000,0x000000de36400000) (1024K)]
  0x0000020a72acc900 WorkerThread "GC Thread#3"                     [id=21040, stack(0x000000de36400000,0x000000de36500000) (1024K)]
  0x0000020a72acd0b0 WorkerThread "GC Thread#4"                     [id=15060, stack(0x000000de36500000,0x000000de36600000) (1024K)]
  0x0000020a7817d040 WorkerThread "GC Thread#5"                     [id=24764, stack(0x000000de36000000,0x000000de36100000) (1024K)]
  0x0000020a79dac820 WorkerThread "GC Thread#6"                     [id=15896, stack(0x000000de37400000,0x000000de37500000) (1024K)]
  0x0000020a79daae50 WorkerThread "GC Thread#7"                     [id=33484, stack(0x000000de37700000,0x000000de37800000) (1024K)]
  0x0000020a79da9f90 WorkerThread "GC Thread#8"                     [id=31528, stack(0x000000de37800000,0x000000de37900000) (1024K)]
  0x0000020a79daa6f0 WorkerThread "GC Thread#9"                     [id=10272, stack(0x000000de37900000,0x000000de37a00000) (1024K)]
  0x0000020a79dab5b0 WorkerThread "GC Thread#10"                    [id=16064, stack(0x000000de37a00000,0x000000de37b00000) (1024K)]
  0x0000020a79daa340 WorkerThread "GC Thread#11"                    [id=26940, stack(0x000000de37b00000,0x000000de37c00000) (1024K)]
  0x0000020a79dacbd0 WorkerThread "GC Thread#12"                    [id=31056, stack(0x000000de37c00000,0x000000de37d00000) (1024K)]
  0x0000020a59ffce20 ConcurrentGCThread "G1 Main Marker"            [id=22976, stack(0x000000de34d00000,0x000000de34e00000) (1024K)]
  0x0000020a59ffe6c0 WorkerThread "G1 Conc#0"                       [id=32344, stack(0x000000de34e00000,0x000000de34f00000) (1024K)]
  0x0000020a79dacf80 WorkerThread "G1 Conc#1"                       [id=13112, stack(0x000000de37d00000,0x000000de37e00000) (1024K)]
  0x0000020a79dabd10 WorkerThread "G1 Conc#2"                       [id=13856, stack(0x000000de37e00000,0x000000de37f00000) (1024K)]
  0x0000020a720c2250 ConcurrentGCThread "G1 Refine#0"               [id=33388, stack(0x000000de34f00000,0x000000de35000000) (1024K)]
  0x0000020a720c3b90 ConcurrentGCThread "G1 Service"                [id=2088, stack(0x000000de35000000,0x000000de35100000) (1024K)]
Total: 21

Threads with active compile tasks:
C2 CompilerThread0  43944 5733   !   4       java.net.URLClassLoader::findClass (47 bytes)
C2 CompilerThread1  43944 5730       4       java.net.URLClassLoader$1::run (5 bytes)
Total: 2

VM state: not at safepoint (normal execution)

VM Mutex/Monitor currently owned by a thread: None

Heap address: 0x0000000080000000, size: 2048 MB, Compressed Oops mode: 32-bit

CDS archive(s) mapped at: [0x0000020a00000000-0x0000020a00ba0000-0x0000020a00ba0000), size 12189696, SharedBaseAddress: 0x0000020a00000000, ArchiveRelocationMode: 1.
Compressed class space mapped at: 0x0000020a01000000-0x0000020a41000000, reserved size: 1073741824
Narrow klass base: 0x0000020a00000000, Narrow klass shift: 0, Narrow klass range: 0x100000000

GC Precious Log:
 CardTable entry size: 512
 Card Set container configuration: InlinePtr #cards 5 size 8 Array Of Cards #cards 12 size 40 Howl #buckets 4 coarsen threshold 1843 Howl Bitmap #cards 512 size 80 coarsen threshold 460 Card regions per heap region 1 cards per card region 2048
 CPUs: 16 total, 16 available
 Memory: 14181M
 Large Page Support: Disabled
 NUMA Support: Disabled
 Compressed Oops: Enabled (32-bit)
 Heap Region Size: 1M
 Heap Min Capacity: 8M
 Heap Initial Capacity: 222M
 Heap Max Capacity: 2G
 Pre-touch: Disabled
 Parallel Workers: 13
 Concurrent Workers: 3
 Concurrent Refinement Workers: 13
 Periodic GC: Disabled

Heap:
 garbage-first heap   total 104448K, used 50980K [0x0000000080000000, 0x0000000100000000)
  region size 1024K, 16 young (16384K), 5 survivors (5120K)
 Metaspace       used 45484K, committed 47104K, reserved 1114112K
  class space    used 6677K, committed 7488K, reserved 1048576K

Heap Regions: E=young(eden), S=young(survivor), O=old, HS=humongous(starts), HC=humongous(continues), CS=collection set, F=free, TAMS=top-at-mark-start, PB=parsable bottom
|   0|0x0000000080000000, 0x0000000080100000, 0x0000000080100000|100%|HS|  |TAMS 0x0000000080000000| PB 0x0000000080000000| Complete 
|   1|0x0000000080100000, 0x0000000080200000, 0x0000000080200000|100%|HC|  |TAMS 0x0000000080100000| PB 0x0000000080100000| Complete 
|   2|0x0000000080200000, 0x0000000080300000, 0x0000000080300000|100%|HC|  |TAMS 0x0000000080200000| PB 0x0000000080200000| Complete 
|   3|0x0000000080300000, 0x0000000080400000, 0x0000000080400000|100%| O|  |TAMS 0x0000000080300000| PB 0x0000000080300000| Untracked 
|   4|0x0000000080400000, 0x0000000080500000, 0x0000000080500000|100%| O|  |TAMS 0x0000000080400000| PB 0x0000000080400000| Untracked 
|   5|0x0000000080500000, 0x0000000080600000, 0x0000000080600000|100%| O|  |TAMS 0x0000000080500000| PB 0x0000000080500000| Untracked 
|   6|0x0000000080600000, 0x0000000080700000, 0x0000000080700000|100%|HS|  |TAMS 0x0000000080600000| PB 0x0000000080600000| Complete 
|   7|0x0000000080700000, 0x0000000080800000, 0x0000000080800000|100%| O|  |TAMS 0x0000000080700000| PB 0x0000000080700000| Untracked 
|   8|0x0000000080800000, 0x0000000080900000, 0x0000000080900000|100%| O|  |TAMS 0x0000000080800000| PB 0x0000000080800000| Untracked 
|   9|0x0000000080900000, 0x0000000080a00000, 0x0000000080a00000|100%| O|  |TAMS 0x0000000080900000| PB 0x0000000080900000| Untracked 
|  10|0x0000000080a00000, 0x0000000080b00000, 0x0000000080b00000|100%| O|  |TAMS 0x0000000080a00000| PB 0x0000000080a00000| Untracked 
|  11|0x0000000080b00000, 0x0000000080c00000, 0x0000000080c00000|100%| O|  |TAMS 0x0000000080b00000| PB 0x0000000080b00000| Untracked 
|  12|0x0000000080c00000, 0x0000000080d00000, 0x0000000080d00000|100%| O|  |TAMS 0x0000000080c00000| PB 0x0000000080c00000| Untracked 
|  13|0x0000000080d00000, 0x0000000080e00000, 0x0000000080e00000|100%| O|  |TAMS 0x0000000080d00000| PB 0x0000000080d00000| Untracked 
|  14|0x0000000080e00000, 0x0000000080f00000, 0x0000000080f00000|100%| O|  |TAMS 0x0000000080e00000| PB 0x0000000080e00000| Untracked 
|  15|0x0000000080f00000, 0x0000000081000000, 0x0000000081000000|100%| O|  |TAMS 0x0000000080f00000| PB 0x0000000080f00000| Untracked 
|  16|0x0000000081000000, 0x0000000081000000, 0x0000000081100000|  0%| F|  |TAMS 0x0000000081000000| PB 0x0000000081000000| Untracked 
|  17|0x0000000081100000, 0x0000000081200000, 0x0000000081200000|100%| O|  |TAMS 0x0000000081100000| PB 0x0000000081100000| Untracked 
|  18|0x0000000081200000, 0x0000000081300000, 0x0000000081300000|100%| O|  |TAMS 0x0000000081200000| PB 0x0000000081200000| Untracked 
|  19|0x0000000081300000, 0x0000000081400000, 0x0000000081400000|100%| O|  |TAMS 0x0000000081300000| PB 0x0000000081300000| Untracked 
|  20|0x0000000081400000, 0x0000000081500000, 0x0000000081500000|100%| O|  |TAMS 0x0000000081400000| PB 0x0000000081400000| Untracked 
|  21|0x0000000081500000, 0x0000000081600000, 0x0000000081600000|100%| O|  |TAMS 0x0000000081500000| PB 0x0000000081500000| Untracked 
|  22|0x0000000081600000, 0x0000000081700000, 0x0000000081700000|100%| O|  |TAMS 0x0000000081600000| PB 0x0000000081600000| Untracked 
|  23|0x0000000081700000, 0x0000000081800000, 0x0000000081800000|100%| O|  |TAMS 0x0000000081700000| PB 0x0000000081700000| Untracked 
|  24|0x0000000081800000, 0x0000000081900000, 0x0000000081900000|100%| O|  |TAMS 0x0000000081800000| PB 0x0000000081800000| Untracked 
|  25|0x0000000081900000, 0x0000000081a00000, 0x0000000081a00000|100%| O|  |TAMS 0x0000000081900000| PB 0x0000000081900000| Untracked 
|  26|0x0000000081a00000, 0x0000000081b00000, 0x0000000081b00000|100%| O|  |TAMS 0x0000000081a00000| PB 0x0000000081a00000| Untracked 
|  27|0x0000000081b00000, 0x0000000081c00000, 0x0000000081c00000|100%| O|  |TAMS 0x0000000081b00000| PB 0x0000000081b00000| Untracked 
|  28|0x0000000081c00000, 0x0000000081d00000, 0x0000000081d00000|100%| O|  |TAMS 0x0000000081c00000| PB 0x0000000081c00000| Untracked 
|  29|0x0000000081d00000, 0x0000000081d92490, 0x0000000081e00000| 57%| O|  |TAMS 0x0000000081d00000| PB 0x0000000081d00000| Untracked 
|  30|0x0000000081e00000, 0x0000000081e00000, 0x0000000081f00000|  0%| F|  |TAMS 0x0000000081e00000| PB 0x0000000081e00000| Untracked 
|  31|0x0000000081f00000, 0x0000000081f00000, 0x0000000082000000|  0%| F|  |TAMS 0x0000000081f00000| PB 0x0000000081f00000| Untracked 
|  32|0x0000000082000000, 0x0000000082000000, 0x0000000082100000|  0%| F|  |TAMS 0x0000000082000000| PB 0x0000000082000000| Untracked 
|  33|0x0000000082100000, 0x0000000082100000, 0x0000000082200000|  0%| F|  |TAMS 0x0000000082100000| PB 0x0000000082100000| Untracked 
|  34|0x0000000082200000, 0x0000000082200000, 0x0000000082300000|  0%| F|  |TAMS 0x0000000082200000| PB 0x0000000082200000| Untracked 
|  35|0x0000000082300000, 0x0000000082300000, 0x0000000082400000|  0%| F|  |TAMS 0x0000000082300000| PB 0x0000000082300000| Untracked 
|  36|0x0000000082400000, 0x0000000082400000, 0x0000000082500000|  0%| F|  |TAMS 0x0000000082400000| PB 0x0000000082400000| Untracked 
|  37|0x0000000082500000, 0x0000000082500000, 0x0000000082600000|  0%| F|  |TAMS 0x0000000082500000| PB 0x0000000082500000| Untracked 
|  38|0x0000000082600000, 0x0000000082600000, 0x0000000082700000|  0%| F|  |TAMS 0x0000000082600000| PB 0x0000000082600000| Untracked 
|  39|0x0000000082700000, 0x0000000082700000, 0x0000000082800000|  0%| F|  |TAMS 0x0000000082700000| PB 0x0000000082700000| Untracked 
|  40|0x0000000082800000, 0x0000000082836c20, 0x0000000082900000| 21%| S|CS|TAMS 0x0000000082800000| PB 0x0000000082800000| Complete 
|  41|0x0000000082900000, 0x0000000082a00000, 0x0000000082a00000|100%| S|CS|TAMS 0x0000000082900000| PB 0x0000000082900000| Complete 
|  42|0x0000000082a00000, 0x0000000082b00000, 0x0000000082b00000|100%| S|CS|TAMS 0x0000000082a00000| PB 0x0000000082a00000| Complete 
|  43|0x0000000082b00000, 0x0000000082c00000, 0x0000000082c00000|100%| S|CS|TAMS 0x0000000082b00000| PB 0x0000000082b00000| Complete 
|  44|0x0000000082c00000, 0x0000000082d00000, 0x0000000082d00000|100%| S|CS|TAMS 0x0000000082c00000| PB 0x0000000082c00000| Complete 
|  45|0x0000000082d00000, 0x0000000082d00000, 0x0000000082e00000|  0%| F|  |TAMS 0x0000000082d00000| PB 0x0000000082d00000| Untracked 
|  46|0x0000000082e00000, 0x0000000082e00000, 0x0000000082f00000|  0%| F|  |TAMS 0x0000000082e00000| PB 0x0000000082e00000| Untracked 
|  47|0x0000000082f00000, 0x0000000082f00000, 0x0000000083000000|  0%| F|  |TAMS 0x0000000082f00000| PB 0x0000000082f00000| Untracked 
|  48|0x0000000083000000, 0x0000000083000000, 0x0000000083100000|  0%| F|  |TAMS 0x0000000083000000| PB 0x0000000083000000| Untracked 
|  49|0x0000000083100000, 0x0000000083100000, 0x0000000083200000|  0%| F|  |TAMS 0x0000000083100000| PB 0x0000000083100000| Untracked 
|  50|0x0000000083200000, 0x0000000083200000, 0x0000000083300000|  0%| F|  |TAMS 0x0000000083200000| PB 0x0000000083200000| Untracked 
|  51|0x0000000083300000, 0x0000000083300000, 0x0000000083400000|  0%| F|  |TAMS 0x0000000083300000| PB 0x0000000083300000| Untracked 
|  52|0x0000000083400000, 0x0000000083400000, 0x0000000083500000|  0%| F|  |TAMS 0x0000000083400000| PB 0x0000000083400000| Untracked 
|  53|0x0000000083500000, 0x0000000083500000, 0x0000000083600000|  0%| F|  |TAMS 0x0000000083500000| PB 0x0000000083500000| Untracked 
|  54|0x0000000083600000, 0x0000000083600000, 0x0000000083700000|  0%| F|  |TAMS 0x0000000083600000| PB 0x0000000083600000| Untracked 
|  55|0x0000000083700000, 0x0000000083700000, 0x0000000083800000|  0%| F|  |TAMS 0x0000000083700000| PB 0x0000000083700000| Untracked 
|  56|0x0000000083800000, 0x0000000083800000, 0x0000000083900000|  0%| F|  |TAMS 0x0000000083800000| PB 0x0000000083800000| Untracked 
|  57|0x0000000083900000, 0x0000000083900000, 0x0000000083a00000|  0%| F|  |TAMS 0x0000000083900000| PB 0x0000000083900000| Untracked 
|  58|0x0000000083a00000, 0x0000000083a00000, 0x0000000083b00000|  0%| F|  |TAMS 0x0000000083a00000| PB 0x0000000083a00000| Untracked 
|  59|0x0000000083b00000, 0x0000000083b00000, 0x0000000083c00000|  0%| F|  |TAMS 0x0000000083b00000| PB 0x0000000083b00000| Untracked 
|  60|0x0000000083c00000, 0x0000000083c00000, 0x0000000083d00000|  0%| F|  |TAMS 0x0000000083c00000| PB 0x0000000083c00000| Untracked 
|  61|0x0000000083d00000, 0x0000000083d00000, 0x0000000083e00000|  0%| F|  |TAMS 0x0000000083d00000| PB 0x0000000083d00000| Untracked 
|  62|0x0000000083e00000, 0x0000000083e00000, 0x0000000083f00000|  0%| F|  |TAMS 0x0000000083e00000| PB 0x0000000083e00000| Untracked 
|  63|0x0000000083f00000, 0x0000000083f00000, 0x0000000084000000|  0%| F|  |TAMS 0x0000000083f00000| PB 0x0000000083f00000| Untracked 
|  64|0x0000000084000000, 0x0000000084000000, 0x0000000084100000|  0%| F|  |TAMS 0x0000000084000000| PB 0x0000000084000000| Untracked 
|  65|0x0000000084100000, 0x0000000084100000, 0x0000000084200000|  0%| F|  |TAMS 0x0000000084100000| PB 0x0000000084100000| Untracked 
|  66|0x0000000084200000, 0x0000000084200000, 0x0000000084300000|  0%| F|  |TAMS 0x0000000084200000| PB 0x0000000084200000| Untracked 
|  67|0x0000000084300000, 0x0000000084300000, 0x0000000084400000|  0%| F|  |TAMS 0x0000000084300000| PB 0x0000000084300000| Untracked 
|  68|0x0000000084400000, 0x0000000084400000, 0x0000000084500000|  0%| F|  |TAMS 0x0000000084400000| PB 0x0000000084400000| Untracked 
|  69|0x0000000084500000, 0x0000000084500000, 0x0000000084600000|  0%| F|  |TAMS 0x0000000084500000| PB 0x0000000084500000| Untracked 
|  70|0x0000000084600000, 0x0000000084600000, 0x0000000084700000|  0%| F|  |TAMS 0x0000000084600000| PB 0x0000000084600000| Untracked 
|  71|0x0000000084700000, 0x0000000084700000, 0x0000000084800000|  0%| F|  |TAMS 0x0000000084700000| PB 0x0000000084700000| Untracked 
|  72|0x0000000084800000, 0x0000000084800000, 0x0000000084900000|  0%| F|  |TAMS 0x0000000084800000| PB 0x0000000084800000| Untracked 
|  73|0x0000000084900000, 0x0000000084900000, 0x0000000084a00000|  0%| F|  |TAMS 0x0000000084900000| PB 0x0000000084900000| Untracked 
|  74|0x0000000084a00000, 0x0000000084a00000, 0x0000000084b00000|  0%| F|  |TAMS 0x0000000084a00000| PB 0x0000000084a00000| Untracked 
|  75|0x0000000084b00000, 0x0000000084b00000, 0x0000000084c00000|  0%| F|  |TAMS 0x0000000084b00000| PB 0x0000000084b00000| Untracked 
|  76|0x0000000084c00000, 0x0000000084c00000, 0x0000000084d00000|  0%| F|  |TAMS 0x0000000084c00000| PB 0x0000000084c00000| Untracked 
|  77|0x0000000084d00000, 0x0000000084d00000, 0x0000000084e00000|  0%| F|  |TAMS 0x0000000084d00000| PB 0x0000000084d00000| Untracked 
|  78|0x0000000084e00000, 0x0000000084e00000, 0x0000000084f00000|  0%| F|  |TAMS 0x0000000084e00000| PB 0x0000000084e00000| Untracked 
| 111|0x0000000086f00000, 0x0000000086f00000, 0x0000000087000000|  0%| F|  |TAMS 0x0000000086f00000| PB 0x0000000086f00000| Untracked 
| 112|0x0000000087000000, 0x0000000087000000, 0x0000000087100000|  0%| F|  |TAMS 0x0000000087000000| PB 0x0000000087000000| Untracked 
| 113|0x0000000087100000, 0x0000000087100000, 0x0000000087200000|  0%| F|  |TAMS 0x0000000087100000| PB 0x0000000087100000| Untracked 
| 114|0x0000000087200000, 0x0000000087200000, 0x0000000087300000|  0%| F|  |TAMS 0x0000000087200000| PB 0x0000000087200000| Untracked 
| 115|0x0000000087300000, 0x0000000087300000, 0x0000000087400000|  0%| F|  |TAMS 0x0000000087300000| PB 0x0000000087300000| Untracked 
| 116|0x0000000087400000, 0x0000000087491818, 0x0000000087500000| 56%| E|  |TAMS 0x0000000087400000| PB 0x0000000087400000| Complete 
| 117|0x0000000087500000, 0x0000000087600000, 0x0000000087600000|100%| E|CS|TAMS 0x0000000087500000| PB 0x0000000087500000| Complete 
| 118|0x0000000087600000, 0x0000000087700000, 0x0000000087700000|100%| E|CS|TAMS 0x0000000087600000| PB 0x0000000087600000| Complete 
| 119|0x0000000087700000, 0x0000000087800000, 0x0000000087800000|100%| E|CS|TAMS 0x0000000087700000| PB 0x0000000087700000| Complete 
| 120|0x0000000087800000, 0x0000000087900000, 0x0000000087900000|100%| E|CS|TAMS 0x0000000087800000| PB 0x0000000087800000| Complete 
| 121|0x0000000087900000, 0x0000000087a00000, 0x0000000087a00000|100%| E|CS|TAMS 0x0000000087900000| PB 0x0000000087900000| Complete 
| 122|0x0000000087a00000, 0x0000000087b00000, 0x0000000087b00000|100%| E|CS|TAMS 0x0000000087a00000| PB 0x0000000087a00000| Complete 
| 123|0x0000000087b00000, 0x0000000087c00000, 0x0000000087c00000|100%| E|CS|TAMS 0x0000000087b00000| PB 0x0000000087b00000| Complete 
| 124|0x0000000087c00000, 0x0000000087d00000, 0x0000000087d00000|100%| E|CS|TAMS 0x0000000087c00000| PB 0x0000000087c00000| Complete 
| 125|0x0000000087d00000, 0x0000000087e00000, 0x0000000087e00000|100%| E|CS|TAMS 0x0000000087d00000| PB 0x0000000087d00000| Complete 
| 221|0x000000008dd00000, 0x000000008de00000, 0x000000008de00000|100%| E|CS|TAMS 0x000000008dd00000| PB 0x000000008dd00000| Complete 
|2041|0x00000000ff900000, 0x00000000ffa00000, 0x00000000ffa00000|100%| O|  |TAMS 0x00000000ff900000| PB 0x00000000ff900000| Untracked 
|2042|0x00000000ffa00000, 0x00000000ffb00000, 0x00000000ffb00000|100%| O|  |TAMS 0x00000000ffa00000| PB 0x00000000ffa00000| Untracked 
|2043|0x00000000ffb00000, 0x00000000ffc00000, 0x00000000ffc00000|100%| O|  |TAMS 0x00000000ffb00000| PB 0x00000000ffb00000| Untracked 
|2044|0x00000000ffc00000, 0x00000000ffd00000, 0x00000000ffd00000|100%| O|  |TAMS 0x00000000ffc00000| PB 0x00000000ffc00000| Untracked 
|2045|0x00000000ffd00000, 0x00000000ffe00000, 0x00000000ffe00000|100%| O|  |TAMS 0x00000000ffd00000| PB 0x00000000ffd00000| Untracked 
|2046|0x00000000ffe00000, 0x00000000fff00000, 0x00000000fff00000|100%| O|  |TAMS 0x00000000ffe00000| PB 0x00000000ffe00000| Untracked 
|2047|0x00000000fff00000, 0x0000000100000000, 0x0000000100000000|100%| O|  |TAMS 0x00000000fff00000| PB 0x00000000fff00000| Untracked 

Card table byte_map: [0x0000020a6ce20000,0x0000020a6d220000] _byte_map_base: 0x0000020a6ca20000

Marking Bits: (CMBitMap*) 0x0000020a59fec540
 Bits: [0x0000020a6d220000, 0x0000020a6f220000)

Polling page: 0x0000020a57d80000

Metaspace:

Usage:
  Non-class:     37.90 MB used.
      Class:      6.52 MB used.
       Both:     44.42 MB used.

Virtual space:
  Non-class space:       64.00 MB reserved,      38.69 MB ( 60%) committed,  1 nodes.
      Class space:        1.00 GB reserved,       7.31 MB ( <1%) committed,  1 nodes.
             Both:        1.06 GB reserved,      46.00 MB (  4%) committed. 

Chunk freelists:
   Non-Class:  8.96 MB
       Class:  8.60 MB
        Both:  17.55 MB

MaxMetaspaceSize: unlimited
CompressedClassSpaceSize: 1.00 GB
Initial GC threshold: 21.00 MB
Current GC threshold: 59.31 MB
CDS: on
 - commit_granule_bytes: 65536.
 - commit_granule_words: 8192.
 - virtual_space_node_default_size: 8388608.
 - enlarge_chunks_in_place: 1.
 - use_allocation_guard: 0.


Internal statistics:

num_allocs_failed_limit: 9.
num_arena_births: 2792.
num_arena_deaths: 0.
num_vsnodes_births: 2.
num_vsnodes_deaths: 0.
num_space_committed: 736.
num_space_uncommitted: 0.
num_chunks_returned_to_freelist: 9.
num_chunks_taken_from_freelist: 4937.
num_chunk_merges: 6.
num_chunk_splits: 3208.
num_chunks_enlarged: 1946.
num_inconsistent_stats: 0.

CodeHeap 'non-profiled nmethods': size=119168Kb used=3105Kb max_used=3105Kb free=116062Kb
 bounds [0x0000020a64d20000, 0x0000020a65030000, 0x0000020a6c180000]
CodeHeap 'profiled nmethods': size=119104Kb used=10280Kb max_used=10280Kb free=108823Kb
 bounds [0x0000020a5d180000, 0x0000020a5db90000, 0x0000020a645d0000]
CodeHeap 'non-nmethods': size=7488Kb used=2572Kb max_used=4295Kb free=4915Kb
 bounds [0x0000020a645d0000, 0x0000020a64a10000, 0x0000020a64d20000]
CodeCache: size=245760Kb, used=15957Kb, max_used=17680Kb, free=229800Kb
 total_blobs=6045, nmethods=5202, adapters=747, full_count=0
Compilation: enabled, stopped_count=0, restarted_count=0

Compilation events (20 events):
Event: 39.642 Thread 0x0000020a774b4150 5729       1       sun.reflect.generics.tree.ClassSignature::getFormalTypeParameters (5 bytes)
Event: 39.643 Thread 0x0000020a774b4150 nmethod 5729 0x0000020a65021510 code [0x0000020a650216a0, 0x0000020a65021768]
Event: 39.644 Thread 0x0000020a795195c0 5731       3       sun.reflect.generics.reflectiveObjects.TypeVariableImpl::make (68 bytes)
Event: 39.645 Thread 0x0000020a795195c0 nmethod 5731 0x0000020a5db85910 code [0x0000020a5db85ba0, 0x0000020a5db868c0]
Event: 39.659 Thread 0x0000020a797e5660 nmethod 5727 0x0000020a65021810 code [0x0000020a65021a60, 0x0000020a650229c8]
Event: 39.660 Thread 0x0000020a797e5660 5730       4       java.net.URLClassLoader$1::run (5 bytes)
Event: 39.674 Thread 0x0000020a795195c0 5734       3       com.google.common.collect.Iterators$9::hasNext (13 bytes)
Event: 39.675 Thread 0x0000020a795195c0 nmethod 5734 0x0000020a5db86c90 code [0x0000020a5db86e20, 0x0000020a5db86f80]
Event: 39.696 Thread 0x0000020a774b4150 5735       3       com.google.common.reflect.TypeResolver::resolveType (74 bytes)
Event: 39.697 Thread 0x0000020a774b4150 nmethod 5735 0x0000020a5db87010 code [0x0000020a5db872c0, 0x0000020a5db880e0]
Event: 39.701 Thread 0x0000020a721c99d0 5736       3       java.lang.Long::bitCount (61 bytes)
Event: 39.702 Thread 0x0000020a721c99d0 nmethod 5736 0x0000020a5db88390 code [0x0000020a5db88520, 0x0000020a5db88690]
Event: 39.702 Thread 0x0000020a795195c0 5738       3       java.util.BitSet::recalculateWordsInUse (39 bytes)
Event: 39.703 Thread 0x0000020a795195c0 nmethod 5738 0x0000020a5db88710 code [0x0000020a5db888c0, 0x0000020a5db88ae8]
Event: 39.711 Thread 0x0000020a721c99d0 5739       3       kotlin.jvm.internal.Intrinsics::checkNotNullParameter (9 bytes)
Event: 39.712 Thread 0x0000020a721c99d0 nmethod 5739 0x0000020a5db88c10 code [0x0000020a5db88e20, 0x0000020a5db89320]
Event: 39.765 Thread 0x0000020a721b0120 nmethod 5717 0x0000020a65023090 code [0x0000020a650234a0, 0x0000020a65026bc0]
Event: 39.765 Thread 0x0000020a721b0120 5733   !   4       java.net.URLClassLoader::findClass (47 bytes)
Event: 39.783 Thread 0x0000020a721c99d0 5740       3       com.google.common.cache.LocalCache::recordsWrite (20 bytes)
Event: 39.783 Thread 0x0000020a721c99d0 nmethod 5740 0x0000020a5db89510 code [0x0000020a5db896c0, 0x0000020a5db899e0]

GC Heap History (18 events):
Event: 0.875 GC heap before
{Heap before GC invocations=0 (full 0):
 garbage-first heap   total 227328K, used 22528K [0x0000000080000000, 0x0000000100000000)
  region size 1024K, 23 young (23552K), 0 survivors (0K)
 Metaspace       used 1100K, committed 1216K, reserved 1114112K
  class space    used 81K, committed 128K, reserved 1048576K
}
Event: 0.881 GC heap after
{Heap after GC invocations=1 (full 0):
 garbage-first heap   total 227328K, used 2796K [0x0000000080000000, 0x0000000100000000)
  region size 1024K, 3 young (3072K), 3 survivors (3072K)
 Metaspace       used 1100K, committed 1216K, reserved 1114112K
  class space    used 81K, committed 128K, reserved 1048576K
}
Event: 2.147 GC heap before
{Heap before GC invocations=1 (full 0):
 garbage-first heap   total 227328K, used 40684K [0x0000000080000000, 0x0000000100000000)
  region size 1024K, 38 young (38912K), 3 survivors (3072K)
 Metaspace       used 4480K, committed 4672K, reserved 1114112K
  class space    used 552K, committed 640K, reserved 1048576K
}
Event: 2.153 GC heap after
{Heap after GC invocations=2 (full 0):
 garbage-first heap   total 227328K, used 11043K [0x0000000080000000, 0x0000000100000000)
  region size 1024K, 5 young (5120K), 5 survivors (5120K)
 Metaspace       used 4480K, committed 4672K, reserved 1114112K
  class space    used 552K, committed 640K, reserved 1048576K
}
Event: 3.668 GC heap before
{Heap before GC invocations=2 (full 0):
 garbage-first heap   total 227328K, used 60195K [0x0000000080000000, 0x0000000100000000)
  region size 1024K, 52 young (53248K), 5 survivors (5120K)
 Metaspace       used 5603K, committed 5824K, reserved 1114112K
  class space    used 736K, committed 832K, reserved 1048576K
}
Event: 3.678 GC heap after
{Heap after GC invocations=3 (full 0):
 garbage-first heap   total 227328K, used 16611K [0x0000000080000000, 0x0000000100000000)
  region size 1024K, 7 young (7168K), 7 survivors (7168K)
 Metaspace       used 5603K, committed 5824K, reserved 1114112K
  class space    used 736K, committed 832K, reserved 1048576K
}
Event: 17.570 GC heap before
{Heap before GC invocations=3 (full 0):
 garbage-first heap   total 227328K, used 106723K [0x0000000080000000, 0x0000000100000000)
  region size 1024K, 96 young (98304K), 7 survivors (7168K)
 Metaspace       used 20772K, committed 21504K, reserved 1114112K
  class space    used 3052K, committed 3392K, reserved 1048576K
}
Event: 17.592 GC heap after
{Heap after GC invocations=4 (full 0):
 garbage-first heap   total 227328K, used 24289K [0x0000000080000000, 0x0000000100000000)
  region size 1024K, 15 young (15360K), 15 survivors (15360K)
 Metaspace       used 20772K, committed 21504K, reserved 1114112K
  class space    used 3052K, committed 3392K, reserved 1048576K
}
Event: 24.844 GC heap before
{Heap before GC invocations=5 (full 0):
 garbage-first heap   total 86016K, used 84705K [0x0000000080000000, 0x0000000100000000)
  region size 1024K, 74 young (75776K), 15 survivors (15360K)
 Metaspace       used 28089K, committed 29248K, reserved 1114112K
  class space    used 4292K, committed 4864K, reserved 1048576K
}
Event: 24.862 GC heap after
{Heap after GC invocations=6 (full 0):
 garbage-first heap   total 104448K, used 27363K [0x0000000080000000, 0x0000000100000000)
  region size 1024K, 11 young (11264K), 11 survivors (11264K)
 Metaspace       used 28089K, committed 29248K, reserved 1114112K
  class space    used 4292K, committed 4864K, reserved 1048576K
}
Event: 30.172 GC heap before
{Heap before GC invocations=6 (full 0):
 garbage-first heap   total 104448K, used 62179K [0x0000000080000000, 0x0000000100000000)
  region size 1024K, 46 young (47104K), 11 survivors (11264K)
 Metaspace       used 34771K, committed 35968K, reserved 1114112K
  class space    used 5174K, committed 5760K, reserved 1048576K
}
Event: 30.185 GC heap after
{Heap after GC invocations=7 (full 0):
 garbage-first heap   total 104448K, used 31018K [0x0000000080000000, 0x0000000100000000)
  region size 1024K, 8 young (8192K), 8 survivors (8192K)
 Metaspace       used 34771K, committed 35968K, reserved 1114112K
  class space    used 5174K, committed 5760K, reserved 1048576K
}
Event: 30.270 GC heap before
{Heap before GC invocations=7 (full 0):
 garbage-first heap   total 104448K, used 32042K [0x0000000080000000, 0x0000000100000000)
  region size 1024K, 10 young (10240K), 8 survivors (8192K)
 Metaspace       used 35069K, committed 36288K, reserved 1114112K
  class space    used 5222K, committed 5824K, reserved 1048576K
}
Event: 30.279 GC heap after
{Heap after GC invocations=8 (full 0):
 garbage-first heap   total 104448K, used 31586K [0x0000000080000000, 0x0000000100000000)
  region size 1024K, 5 young (5120K), 5 survivors (5120K)
 Metaspace       used 35069K, committed 36288K, reserved 1114112K
  class space    used 5222K, committed 5824K, reserved 1048576K
}
Event: 32.093 GC heap before
{Heap before GC invocations=9 (full 0):
 garbage-first heap   total 104448K, used 88930K [0x0000000080000000, 0x0000000100000000)
  region size 1024K, 57 young (58368K), 5 survivors (5120K)
 Metaspace       used 38423K, committed 39744K, reserved 1114112K
  class space    used 5565K, committed 6208K, reserved 1048576K
}
Event: 32.102 GC heap after
{Heap after GC invocations=10 (full 0):
 garbage-first heap   total 104448K, used 36586K [0x0000000080000000, 0x0000000100000000)
  region size 1024K, 8 young (8192K), 8 survivors (8192K)
 Metaspace       used 38423K, committed 39744K, reserved 1114112K
  class space    used 5565K, committed 6208K, reserved 1048576K
}
Event: 38.358 GC heap before
{Heap before GC invocations=10 (full 0):
 garbage-first heap   total 104448K, used 87786K [0x0000000080000000, 0x0000000100000000)
  region size 1024K, 58 young (59392K), 8 survivors (8192K)
 Metaspace       used 44566K, committed 46144K, reserved 1114112K
  class space    used 6505K, committed 7296K, reserved 1048576K
}
Event: 38.369 GC heap after
{Heap after GC invocations=11 (full 0):
 garbage-first heap   total 104448K, used 40740K [0x0000000080000000, 0x0000000100000000)
  region size 1024K, 5 young (5120K), 5 survivors (5120K)
 Metaspace       used 44566K, committed 46144K, reserved 1114112K
  class space    used 6505K, committed 7296K, reserved 1048576K
}

Dll operation events (14 events):
Event: 0.018 Loaded shared library C:\Users\saisr\.cursor\extensions\redhat.java-1.54.0-win32-x64\jre\21.0.10-win32-x86_64\bin\java.dll
Event: 0.113 Loaded shared library C:\Users\saisr\.cursor\extensions\redhat.java-1.54.0-win32-x64\jre\21.0.10-win32-x86_64\bin\zip.dll
Event: 0.149 Loaded shared library C:\Users\saisr\.cursor\extensions\redhat.java-1.54.0-win32-x64\jre\21.0.10-win32-x86_64\bin\instrument.dll
Event: 0.157 Loaded shared library C:\Users\saisr\.cursor\extensions\redhat.java-1.54.0-win32-x64\jre\21.0.10-win32-x86_64\bin\net.dll
Event: 0.162 Loaded shared library C:\Users\saisr\.cursor\extensions\redhat.java-1.54.0-win32-x64\jre\21.0.10-win32-x86_64\bin\nio.dll
Event: 0.167 Loaded shared library C:\Users\saisr\.cursor\extensions\redhat.java-1.54.0-win32-x64\jre\21.0.10-win32-x86_64\bin\zip.dll
Event: 0.717 Loaded shared library C:\Users\saisr\.cursor\extensions\redhat.java-1.54.0-win32-x64\jre\21.0.10-win32-x86_64\bin\jimage.dll
Event: 1.045 Loaded shared library C:\Users\saisr\.cursor\extensions\redhat.java-1.54.0-win32-x64\jre\21.0.10-win32-x86_64\bin\verify.dll
Event: 1.320 Loaded shared library C:\Users\saisr\.gradle\native\c067742578af261105cb4f569cf0c3c89f3d7b1fecec35dd04571415982c5e48\windows-amd64\native-platform.dll
Event: 1.331 Loaded shared library C:\Users\saisr\.gradle\native\100fb08df4bc3b14c8652ba06237920a3bd2aa13389f12d3474272988ae205f9\windows-amd64\native-platform-file-events.dll
Event: 4.043 Loaded shared library C:\Users\saisr\.cursor\extensions\redhat.java-1.54.0-win32-x64\jre\21.0.10-win32-x86_64\bin\management.dll
Event: 4.088 Loaded shared library C:\Users\saisr\.cursor\extensions\redhat.java-1.54.0-win32-x64\jre\21.0.10-win32-x86_64\bin\management_ext.dll
Event: 12.707 Loaded shared library C:\Users\saisr\.cursor\extensions\redhat.java-1.54.0-win32-x64\jre\21.0.10-win32-x86_64\bin\extnet.dll
Event: 13.098 Loaded shared library C:\Users\saisr\.cursor\extensions\redhat.java-1.54.0-win32-x64\jre\21.0.10-win32-x86_64\bin\sunmscapi.dll

Deoptimization events (20 events):
Event: 38.553 Thread 0x0000020a771477b0 Uncommon trap: trap_request=0xffffffde fr.pc=0x0000020a64f74f20 relative=0x0000000000005480
Event: 38.553 Thread 0x0000020a771477b0 Uncommon trap: reason=class_check action=maybe_recompile pc=0x0000020a64f74f20 method=java.net.URLClassLoader.defineClass(Ljava/lang/String;Ljdk/internal/loader/Resource;)Ljava/lang/Class; @ 34 c2
Event: 38.553 Thread 0x0000020a771477b0 DEOPT PACKING pc=0x0000020a64f74f20 sp=0x000000de36cf89d0
Event: 38.553 Thread 0x0000020a771477b0 DEOPT UNPACKING pc=0x0000020a64624422 sp=0x000000de36cf87a8 mode 2
Event: 38.558 Thread 0x0000020a771477b0 Uncommon trap: trap_request=0xffffffde fr.pc=0x0000020a64f74f20 relative=0x0000000000005480
Event: 38.558 Thread 0x0000020a771477b0 Uncommon trap: reason=class_check action=maybe_recompile pc=0x0000020a64f74f20 method=java.net.URLClassLoader.defineClass(Ljava/lang/String;Ljdk/internal/loader/Resource;)Ljava/lang/Class; @ 34 c2
Event: 38.558 Thread 0x0000020a771477b0 DEOPT PACKING pc=0x0000020a64f74f20 sp=0x000000de36cf89d0
Event: 38.558 Thread 0x0000020a771477b0 DEOPT UNPACKING pc=0x0000020a64624422 sp=0x000000de36cf87a8 mode 2
Event: 38.562 Thread 0x0000020a771477b0 Uncommon trap: trap_request=0xffffffde fr.pc=0x0000020a64f74f20 relative=0x0000000000005480
Event: 38.562 Thread 0x0000020a771477b0 Uncommon trap: reason=class_check action=maybe_recompile pc=0x0000020a64f74f20 method=java.net.URLClassLoader.defineClass(Ljava/lang/String;Ljdk/internal/loader/Resource;)Ljava/lang/Class; @ 34 c2
Event: 38.562 Thread 0x0000020a771477b0 DEOPT PACKING pc=0x0000020a64f74f20 sp=0x000000de36cf89d0
Event: 38.562 Thread 0x0000020a771477b0 DEOPT UNPACKING pc=0x0000020a64624422 sp=0x000000de36cf87a8 mode 2
Event: 38.566 Thread 0x0000020a771477b0 Uncommon trap: trap_request=0xffffffde fr.pc=0x0000020a64f643a8 relative=0x0000000000005188
Event: 38.566 Thread 0x0000020a771477b0 Uncommon trap: reason=class_check action=maybe_recompile pc=0x0000020a64f643a8 method=java.net.URLClassLoader.defineClass(Ljava/lang/String;Ljdk/internal/loader/Resource;)Ljava/lang/Class; @ 34 c2
Event: 38.566 Thread 0x0000020a771477b0 DEOPT PACKING pc=0x0000020a64f643a8 sp=0x000000de36cf8900
Event: 38.566 Thread 0x0000020a771477b0 DEOPT UNPACKING pc=0x0000020a64624422 sp=0x000000de36cf8850 mode 2
Event: 38.569 Thread 0x0000020a771477b0 Uncommon trap: trap_request=0xffffffde fr.pc=0x0000020a64f9b190 relative=0x00000000000051d0
Event: 38.569 Thread 0x0000020a771477b0 Uncommon trap: reason=class_check action=maybe_recompile pc=0x0000020a64f9b190 method=java.net.URLClassLoader.defineClass(Ljava/lang/String;Ljdk/internal/loader/Resource;)Ljava/lang/Class; @ 34 c2
Event: 38.569 Thread 0x0000020a771477b0 DEOPT PACKING pc=0x0000020a64f9b190 sp=0x000000de36cf8890
Event: 38.569 Thread 0x0000020a771477b0 DEOPT UNPACKING pc=0x0000020a64624422 sp=0x000000de36cf8848 mode 2

Classes loaded (20 events):
Event: 38.062 Loading class java/util/stream/SortedOps$OfRef
Event: 38.062 Loading class java/util/stream/ReferencePipeline$StatefulOp
Event: 38.062 Loading class java/util/stream/ReferencePipeline$StatefulOp done
Event: 38.062 Loading class java/util/stream/SortedOps$OfRef done
Event: 38.064 Loading class java/util/stream/SortedOps$SizedRefSortingSink
Event: 38.064 Loading class java/util/stream/SortedOps$AbstractRefSortingSink
Event: 38.064 Loading class java/util/stream/SortedOps$AbstractRefSortingSink done
Event: 38.064 Loading class java/util/stream/SortedOps$SizedRefSortingSink done
Event: 38.134 Loading class java/util/Comparators$NaturalOrderComparator
Event: 38.134 Loading class java/util/Comparators$NaturalOrderComparator done
Event: 38.273 Loading class java/nio/file/AtomicMoveNotSupportedException
Event: 38.273 Loading class java/nio/file/AtomicMoveNotSupportedException done
Event: 38.310 Loading class java/io/FileWriter
Event: 38.310 Loading class java/io/FileWriter done
Event: 38.489 Loading class org/xml/sax/Locator
Event: 38.489 Loading class org/xml/sax/Locator done
Event: 38.489 Loading class org/xml/sax/SAXParseException
Event: 38.490 Loading class org/xml/sax/SAXParseException done
Event: 38.495 Loading class org/xml/sax/Attributes
Event: 38.495 Loading class org/xml/sax/Attributes done

Classes unloaded (0 events):
No events

Classes redefined (0 events):
No events

Internal exceptions (20 events):
Event: 34.036 Thread 0x0000020a771477b0 Exception <a 'java/lang/IncompatibleClassChangeError'{0x0000000087498368}: Found class java.lang.Object, but interface was expected> (0x0000000087498368) 
thrown [s\src\hotspot\share\interpreter\linkResolver.cpp, line 840]
Event: 35.436 Thread 0x0000020a771477b0 Exception <a 'java/lang/NoSuchMethodError'{0x0000000086fa1880}: 'java.lang.Object java.lang.invoke.DirectMethodHandle$Holder.newInvokeSpecial(java.lang.Object, java.lang.Object, java.lang.Object, java.lang.Object, java.lang.Object, java.lang.Object, java.lang.Object, java.lang.Object, java.lang.Object, java.lang.Object, java.lang.Object, java.lang.Object, java.lang.Object, java.lang.Object, java.lang.Object, java.lang.Object, java.lang.Object, java.lang.Object, java.lang.Object, java.lang.Object, java.lang
Event: 35.437 Thread 0x0000020a771477b0 Exception <a 'java/lang/NoSuchMethodError'{0x0000000086fa8f30}: 'java.lang.Object java.lang.invoke.DirectMethodHandle$Holder.invokeSpecial(java.lang.Object, java.lang.Object, java.lang.Object, java.lang.Object, java.lang.Object, java.lang.Object, java.lang.Object, java.lang.Object, java.lang.Object, java.lang.Object, java.lang.Object, java.lang.Object, java.lang.Object, java.lang.Object, java.lang.Object, java.lang.Object, java.lang.Object, java.lang.Object, java.lang.Object, java.lang.Object, java.lang.Ob
Event: 35.437 Thread 0x0000020a771477b0 Exception <a 'java/lang/NoSuchMethodError'{0x0000000086faece8}: 'java.lang.Object java.lang.invoke.DelegatingMethodHandle$Holder.reinvoke_L(java.lang.Object, java.lang.Object, java.lang.Object, java.lang.Object, java.lang.Object, java.lang.Object, java.lang.Object, java.lang.Object, java.lang.Object, java.lang.Object, java.lang.Object, java.lang.Object, java.lang.Object, java.lang.Object, java.lang.Object, java.lang.Object, java.lang.Object, java.lang.Object, java.lang.Object, java.lang.Object, java.lang.O
Event: 35.642 Thread 0x0000020a771477b0 Exception <a 'java/lang/NoSuchMethodError'{0x0000000084a8a1e0}: 'java.lang.Object java.lang.invoke.DirectMethodHandle$Holder.newInvokeSpecial(java.lang.Object, int, java.lang.Object)'> (0x0000000084a8a1e0) 
thrown [s\src\hotspot\share\interpreter\linkResolver.cpp, line 773]
Event: 35.730 Thread 0x0000020a771477b0 Exception <a 'java/lang/NoSuchMethodError'{0x00000000848764f0}: 'java.lang.Object java.lang.invoke.DirectMethodHandle$Holder.invokeVirtual(java.lang.Object, java.lang.Object, java.lang.Object, java.lang.Object, java.lang.Object, java.lang.Object, java.lang.Object, java.lang.Object, java.lang.Object, java.lang.Object, java.lang.Object, java.lang.Object, java.lang.Object, java.lang.Object, java.lang.Object)'> (0x00000000848764f0) 
thrown [s\src\hotspot\share\interpreter\linkResolver.cpp, line 773]
Event: 35.752 Thread 0x0000020a771477b0 Exception <a 'java/lang/NoSuchMethodError'{0x0000000084749970}: 'java.lang.Object java.lang.invoke.DirectMethodHandle$Holder.newInvokeSpecial(java.lang.Object, java.lang.Object, java.lang.Object, java.lang.Object, java.lang.Object, java.lang.Object, java.lang.Object, java.lang.Object, java.lang.Object, java.lang.Object, java.lang.Object, java.lang.Object, java.lang.Object)'> (0x0000000084749970) 
thrown [s\src\hotspot\share\interpreter\linkResolver.cpp, line 773]
Event: 37.486 Thread 0x0000020a771477b0 Exception <a 'sun/nio/fs/WindowsException'{0x00000000840eb580}> (0x00000000840eb580) 
thrown [s\src\hotspot\share\prims\jni.cpp, line 520]
Event: 37.486 Thread 0x0000020a771477b0 Exception <a 'sun/nio/fs/WindowsException'{0x00000000840ecc08}> (0x00000000840ecc08) 
thrown [s\src\hotspot\share\prims\jni.cpp, line 520]
Event: 37.582 Thread 0x0000020a771477b0 Exception <a 'java/lang/NoSuchMethodError'{0x0000000083e9d318}: 'java.lang.Object java.lang.invoke.DirectMethodHandle$Holder.newInvokeSpecial(java.lang.Object, java.lang.Object, java.lang.Object, int)'> (0x0000000083e9d318) 
thrown [s\src\hotspot\share\interpreter\linkResolver.cpp, line 773]
Event: 37.583 Thread 0x0000020a771477b0 Exception <a 'java/lang/NoSuchMethodError'{0x0000000083ea1688}: 'java.lang.Object java.lang.invoke.Invokers$Holder.linkToTargetMethod(java.lang.Object, java.lang.Object, int, java.lang.Object)'> (0x0000000083ea1688) 
thrown [s\src\hotspot\share\interpreter\linkResolver.cpp, line 773]
Event: 37.615 Thread 0x0000020a771477b0 Exception <a 'sun/nio/fs/WindowsException'{0x0000000083d52620}> (0x0000000083d52620) 
thrown [s\src\hotspot\share\prims\jni.cpp, line 520]
Event: 37.703 Thread 0x0000020a771477b0 Exception <a 'java/lang/NoSuchMethodError'{0x0000000083bb0b10}: 'int java.lang.invoke.DirectMethodHandle$Holder.invokeInterface(java.lang.Object, java.lang.Object, java.lang.Object, java.lang.Object, java.lang.Object)'> (0x0000000083bb0b10) 
thrown [s\src\hotspot\share\interpreter\linkResolver.cpp, line 773]
Event: 38.119 Thread 0x0000020a771477b0 Exception <a 'java/lang/NoSuchMethodError'{0x000000008332a340}: 'void java.lang.invoke.DirectMethodHandle$Holder.invokeStatic(java.lang.Object, java.lang.Object, java.lang.Object, java.lang.Object, java.lang.Object, java.lang.Object, java.lang.Object)'> (0x000000008332a340) 
thrown [s\src\hotspot\share\interpreter\linkResolver.cpp, line 773]
Event: 38.477 Thread 0x0000020a771477b0 Exception <a 'java/lang/ClassNotFoundException'{0x0000000087cccf30}: org/gradle/api/internal/project/DefaultProject_DecoratedBeanInfo> (0x0000000087cccf30) 
thrown [s\src\hotspot\share\classfile\systemDictionary.cpp, line 312]
Event: 38.478 Thread 0x0000020a771477b0 Exception <a 'java/lang/ClassNotFoundException'{0x0000000087cd8ae0}: org/gradle/api/internal/project/DefaultProjectBeanInfo> (0x0000000087cd8ae0) 
thrown [s\src\hotspot\share\classfile\systemDictionary.cpp, line 312]
Event: 38.479 Thread 0x0000020a771477b0 Exception <a 'java/lang/ClassNotFoundException'{0x0000000087ce49b8}: org/gradle/api/internal/project/DefaultProjectCustomizer> (0x0000000087ce49b8) 
thrown [s\src\hotspot\share\classfile\systemDictionary.cpp, line 312]
Event: 38.485 Thread 0x0000020a771477b0 Exception <a 'java/lang/ClassNotFoundException'{0x0000000087b9f1d8}: org/gradle/api/internal/project/DefaultProject_DecoratedCustomizer> (0x0000000087b9f1d8) 
thrown [s\src\hotspot\share\classfile\systemDictionary.cpp, line 312]
Event: 38.506 Thread 0x0000020a771477b0 Exception <a 'java/lang/ClassNotFoundException'{0x0000000087a46768}: org/gradle/configuration/internal/DefaultListenerBuildOperationDecorator$BuildOperationEmittingClosureBeanInfo> (0x0000000087a46768) 
thrown [s\src\hotspot\share\classfile\systemDictionary.cpp, line 312]
Event: 38.508 Thread 0x0000020a771477b0 Exception <a 'java/lang/ClassNotFoundException'{0x0000000087a52f48}: org/gradle/configuration/internal/DefaultListenerBuildOperationDecorator$BuildOperationEmittingClosureCustomizer> (0x0000000087a52f48) 
thrown [s\src\hotspot\share\classfile\systemDictionary.cpp, line 312]

ZGC Phase Switch (0 events):
No events

VM Operations (20 events):
Event: 33.114 Executing safepoint VM operation: Cleanup
Event: 33.114 Executing safepoint VM operation: Cleanup done
Event: 34.128 Executing safepoint VM operation: Cleanup
Event: 34.128 Executing safepoint VM operation: Cleanup done
Event: 35.128 Executing safepoint VM operation: Cleanup
Event: 35.128 Executing safepoint VM operation: Cleanup done
Event: 35.481 Executing non-safepoint VM operation: HandshakeAllThreads (Deoptimize)
Event: 35.482 Executing non-safepoint VM operation: HandshakeAllThreads (Deoptimize) done
Event: 36.485 Executing safepoint VM operation: Cleanup
Event: 37.091 Executing safepoint VM operation: Cleanup done
Event: 38.063 Executing non-safepoint VM operation: HandshakeAllThreads (Deoptimize)
Event: 38.063 Executing non-safepoint VM operation: HandshakeAllThreads (Deoptimize) done
Event: 38.312 Executing non-safepoint VM operation: HandshakeAllThreads (Deoptimize)
Event: 38.312 Executing non-safepoint VM operation: HandshakeAllThreads (Deoptimize) done
Event: 38.312 Executing safepoint VM operation: Cleanup
Event: 38.312 Executing safepoint VM operation: Cleanup done
Event: 38.358 Executing safepoint VM operation: G1CollectForAllocation (G1 Evacuation Pause)
Event: 38.369 Executing safepoint VM operation: G1CollectForAllocation (G1 Evacuation Pause) done
Event: 40.372 Executing safepoint VM operation: Cleanup
Event: 40.373 Executing safepoint VM operation: Cleanup done

Memory protections (0 events):
No events

Nmethod flushes (20 events):
Event: 30.311 Thread 0x0000020a721852a0 flushing  nmethod 0x0000020a5d1fc210
Event: 30.311 Thread 0x0000020a721852a0 flushing  nmethod 0x0000020a5d1fc990
Event: 30.311 Thread 0x0000020a721852a0 flushing  nmethod 0x0000020a5d1fcd90
Event: 30.311 Thread 0x0000020a721852a0 flushing  nmethod 0x0000020a5d1fd490
Event: 30.311 Thread 0x0000020a721852a0 flushing  nmethod 0x0000020a5d1fd990
Event: 30.311 Thread 0x0000020a721852a0 flushing  nmethod 0x0000020a5d1fdd90
Event: 30.311 Thread 0x0000020a721852a0 flushing  nmethod 0x0000020a5d200b10
Event: 30.311 Thread 0x0000020a721852a0 flushing  nmethod 0x0000020a5d201010
Event: 30.311 Thread 0x0000020a721852a0 flushing  nmethod 0x0000020a5d201a10
Event: 30.311 Thread 0x0000020a721852a0 flushing  nmethod 0x0000020a5d231490
Event: 30.311 Thread 0x0000020a721852a0 flushing  nmethod 0x0000020a5d234710
Event: 30.311 Thread 0x0000020a721852a0 flushing  nmethod 0x0000020a5d234b90
Event: 30.311 Thread 0x0000020a721852a0 flushing  nmethod 0x0000020a5d235310
Event: 30.311 Thread 0x0000020a721852a0 flushing  nmethod 0x0000020a5d239790
Event: 30.311 Thread 0x0000020a721852a0 flushing  nmethod 0x0000020a5d23ad10
Event: 30.311 Thread 0x0000020a721852a0 flushing  nmethod 0x0000020a5d45c110
Event: 30.311 Thread 0x0000020a721852a0 flushing  nmethod 0x0000020a5d45c890
Event: 30.311 Thread 0x0000020a721852a0 flushing  nmethod 0x0000020a5d45ed10
Event: 30.311 Thread 0x0000020a721852a0 flushing  nmethod 0x0000020a5d484b90
Event: 30.311 Thread 0x0000020a721852a0 flushing  nmethod 0x0000020a5d610710

Events (20 events):
Event: 21.011 Thread 0x0000020a771477b0 Thread added: 0x0000020a786972e0
Event: 22.729 Thread 0x0000020a771477b0 Thread added: 0x0000020a78698000
Event: 23.172 Thread 0x0000020a782ea1b0 Thread exited: 0x0000020a782ea1b0
Event: 24.293 Thread 0x0000020a789c19a0 Thread exited: 0x0000020a789c19a0
Event: 24.293 Thread 0x0000020a7234d130 Thread exited: 0x0000020a7234d130
Event: 28.685 Thread 0x0000020a771477b0 Thread added: 0x0000020a78698d20
Event: 28.779 Thread 0x0000020a721c99d0 Thread added: 0x0000020a725c4db0
Event: 28.779 Thread 0x0000020a721c99d0 Thread added: 0x0000020a724a5ad0
Event: 28.845 Thread 0x0000020a721c99d0 Thread added: 0x0000020a795195c0
Event: 28.870 Thread 0x0000020a771477b0 Thread added: 0x0000020a786993b0
Event: 30.498 Thread 0x0000020a721c99d0 Thread added: 0x0000020a774b4150
Event: 30.498 Thread 0x0000020a721c99d0 Thread added: 0x0000020a795f25d0
Event: 31.394 Thread 0x0000020a771477b0 Thread added: 0x0000020a775c3bc0
Event: 32.227 Thread 0x0000020a724a5ad0 Thread exited: 0x0000020a724a5ad0
Event: 32.227 Thread 0x0000020a725c4db0 Thread exited: 0x0000020a725c4db0
Event: 32.261 Thread 0x0000020a774b4150 Thread added: 0x0000020a77340890
Event: 32.939 Thread 0x0000020a77340890 Thread exited: 0x0000020a77340890
Event: 33.332 Thread 0x0000020a771477b0 Thread added: 0x0000020a775c69b0
Event: 35.426 Thread 0x0000020a774b4150 Thread added: 0x0000020a797e5660
Event: 39.643 Thread 0x0000020a795f25d0 Thread exited: 0x0000020a795f25d0


Dynamic libraries:
0x00007ff637260000 - 0x00007ff63726e000 	C:\Users\saisr\.cursor\extensions\redhat.java-1.54.0-win32-x64\jre\21.0.10-win32-x86_64\bin\java.exe
0x00007fffa8dc0000 - 0x00007fffa9026000 	C:\WINDOWS\SYSTEM32\ntdll.dll
0x00007fffa7ae0000 - 0x00007fffa7ba9000 	C:\WINDOWS\System32\KERNEL32.DLL
0x00007fffa61c0000 - 0x00007fffa65ba000 	C:\WINDOWS\System32\KERNELBASE.dll
0x00007fffa2b70000 - 0x00007fffa2c10000 	C:\WINDOWS\SYSTEM32\apphelp.dll
0x00007fffa65c0000 - 0x00007fffa670c000 	C:\WINDOWS\System32\ucrtbase.dll
0x00007fff78f50000 - 0x00007fff78f68000 	C:\Users\saisr\.cursor\extensions\redhat.java-1.54.0-win32-x64\jre\21.0.10-win32-x86_64\bin\jli.dll
0x00007fff9e240000 - 0x00007fff9e25e000 	C:\Users\saisr\.cursor\extensions\redhat.java-1.54.0-win32-x64\jre\21.0.10-win32-x86_64\bin\VCRUNTIME140.dll
0x00007fffa77a0000 - 0x00007fffa7967000 	C:\WINDOWS\System32\USER32.dll
0x00007fff91790000 - 0x00007fff91a22000 	C:\WINDOWS\WinSxS\amd64_microsoft.windows.common-controls_6595b64144ccf1df_6.0.26100.8521_none_3e08b75ce33403b3\COMCTL32.dll
0x00007fffa6a70000 - 0x00007fffa6a97000 	C:\WINDOWS\System32\win32u.dll
0x00007fffa81c0000 - 0x00007fffa8269000 	C:\WINDOWS\System32\msvcrt.dll
0x00007fffa7bb0000 - 0x00007fffa7bdb000 	C:\WINDOWS\System32\GDI32.dll
0x00007fffa6890000 - 0x00007fffa69bb000 	C:\WINDOWS\System32\gdi32full.dll
0x00007fffa6050000 - 0x00007fffa60f3000 	C:\WINDOWS\System32\msvcp_win.dll
0x00007fffa7560000 - 0x00007fffa7592000 	C:\WINDOWS\System32\IMM32.DLL
0x00007fff99c90000 - 0x00007fff99c9c000 	C:\Users\saisr\.cursor\extensions\redhat.java-1.54.0-win32-x64\jre\21.0.10-win32-x86_64\bin\vcruntime140_1.dll
0x00007fff41e60000 - 0x00007fff41eed000 	C:\Users\saisr\.cursor\extensions\redhat.java-1.54.0-win32-x64\jre\21.0.10-win32-x86_64\bin\msvcp140.dll
0x00007ffef8f90000 - 0x00007ffef9d31000 	C:\Users\saisr\.cursor\extensions\redhat.java-1.54.0-win32-x64\jre\21.0.10-win32-x86_64\bin\server\jvm.dll
0x00007fffa8470000 - 0x00007fffa8526000 	C:\WINDOWS\System32\ADVAPI32.dll
0x00007fffa8110000 - 0x00007fffa81ba000 	C:\WINDOWS\System32\sechost.dll
0x00007fffa75f0000 - 0x00007fffa7708000 	C:\WINDOWS\System32\RPCRT4.dll
0x00007fffa7710000 - 0x00007fffa7790000 	C:\WINDOWS\System32\WS2_32.dll
0x00007fff9c210000 - 0x00007fff9c246000 	C:\WINDOWS\SYSTEM32\WINMM.dll
0x00007fffa5ed0000 - 0x00007fffa5f2e000 	C:\WINDOWS\SYSTEM32\POWRPROF.dll
0x00007fff9c250000 - 0x00007fff9c25b000 	C:\WINDOWS\SYSTEM32\VERSION.dll
0x00007fffa5eb0000 - 0x00007fffa5ec4000 	C:\WINDOWS\SYSTEM32\UMPDC.dll
0x00007fffa4de0000 - 0x00007fffa4dfb000 	C:\WINDOWS\SYSTEM32\kernel.appcore.dll
0x00007fff94980000 - 0x00007fff9498a000 	C:\Users\saisr\.cursor\extensions\redhat.java-1.54.0-win32-x64\jre\21.0.10-win32-x86_64\bin\jimage.dll
0x00007fffa3800000 - 0x00007fffa3a42000 	C:\WINDOWS\SYSTEM32\DBGHELP.DLL
0x00007fffa7c70000 - 0x00007fffa7ff3000 	C:\WINDOWS\System32\combase.dll
0x00007fffa8000000 - 0x00007fffa80d9000 	C:\WINDOWS\System32\OLEAUT32.dll
0x00007fff8e4f0000 - 0x00007fff8e52b000 	C:\WINDOWS\SYSTEM32\dbgcore.DLL
0x00007fffa69c0000 - 0x00007fffa6a68000 	C:\WINDOWS\System32\bcryptPrimitives.dll
0x00007fff940e0000 - 0x00007fff940ef000 	C:\Users\saisr\.cursor\extensions\redhat.java-1.54.0-win32-x64\jre\21.0.10-win32-x86_64\bin\instrument.dll
0x00007fff70030000 - 0x00007fff70050000 	C:\Users\saisr\.cursor\extensions\redhat.java-1.54.0-win32-x64\jre\21.0.10-win32-x86_64\bin\java.dll
0x00007fffa6d10000 - 0x00007fffa7494000 	C:\WINDOWS\System32\SHELL32.dll
0x00007fffa3c00000 - 0x00007fffa4480000 	C:\WINDOWS\SYSTEM32\windows.storage.dll
0x00007fffa8270000 - 0x00007fffa8366000 	C:\WINDOWS\System32\SHCORE.dll
0x00007fffa85c0000 - 0x00007fffa8627000 	C:\WINDOWS\System32\shlwapi.dll
0x00007fffa5f70000 - 0x00007fffa5f99000 	C:\WINDOWS\SYSTEM32\profapi.dll
0x00007fff4fe10000 - 0x00007fff4fe28000 	C:\Users\saisr\.cursor\extensions\redhat.java-1.54.0-win32-x64\jre\21.0.10-win32-x86_64\bin\zip.dll
0x00007fff94150000 - 0x00007fff94160000 	C:\Users\saisr\.cursor\extensions\redhat.java-1.54.0-win32-x64\jre\21.0.10-win32-x86_64\bin\net.dll
0x00007fff9e510000 - 0x00007fff9e639000 	C:\WINDOWS\SYSTEM32\WINHTTP.dll
0x00007fffa5350000 - 0x00007fffa53bc000 	C:\WINDOWS\system32\mswsock.dll
0x00007fff4fdf0000 - 0x00007fff4fe06000 	C:\Users\saisr\.cursor\extensions\redhat.java-1.54.0-win32-x64\jre\21.0.10-win32-x86_64\bin\nio.dll
0x00007fff8c580000 - 0x00007fff8c590000 	C:\Users\saisr\.cursor\extensions\redhat.java-1.54.0-win32-x64\jre\21.0.10-win32-x86_64\bin\verify.dll
0x00007fff7a420000 - 0x00007fff7a447000 	C:\Users\saisr\.gradle\native\c067742578af261105cb4f569cf0c3c89f3d7b1fecec35dd04571415982c5e48\windows-amd64\native-platform.dll
0x00007fff3e6a0000 - 0x00007fff3e7e4000 	C:\Users\saisr\.gradle\native\100fb08df4bc3b14c8652ba06237920a3bd2aa13389f12d3474272988ae205f9\windows-amd64\native-platform-file-events.dll
0x00007fff802f0000 - 0x00007fff802fa000 	C:\Users\saisr\.cursor\extensions\redhat.java-1.54.0-win32-x64\jre\21.0.10-win32-x86_64\bin\management.dll
0x00007fff7bc80000 - 0x00007fff7bc8c000 	C:\Users\saisr\.cursor\extensions\redhat.java-1.54.0-win32-x64\jre\21.0.10-win32-x86_64\bin\management_ext.dll
0x00007fffa8d10000 - 0x00007fffa8d18000 	C:\WINDOWS\System32\PSAPI.DLL
0x00007fffa5630000 - 0x00007fffa564b000 	C:\WINDOWS\SYSTEM32\CRYPTSP.dll
0x00007fffa4d40000 - 0x00007fffa4d79000 	C:\WINDOWS\system32\rsaenh.dll
0x00007fffa5400000 - 0x00007fffa5433000 	C:\WINDOWS\SYSTEM32\USERENV.dll
0x00007fffa5f40000 - 0x00007fffa5f6a000 	C:\WINDOWS\SYSTEM32\bcrypt.dll
0x00007fffa6710000 - 0x00007fffa6888000 	C:\WINDOWS\System32\CRYPT32.dll
0x00007fffa5c40000 - 0x00007fffa5c4a000 	C:\WINDOWS\SYSTEM32\DPAPI.dll
0x00007fffa5650000 - 0x00007fffa565c000 	C:\WINDOWS\SYSTEM32\CRYPTBASE.dll
0x00007fffa47a0000 - 0x00007fffa47d3000 	C:\WINDOWS\SYSTEM32\IPHLPAPI.DLL
0x00007fffa7c60000 - 0x00007fffa7c6a000 	C:\WINDOWS\System32\NSI.dll
0x00007fff80590000 - 0x00007fff80599000 	C:\Users\saisr\.cursor\extensions\redhat.java-1.54.0-win32-x64\jre\21.0.10-win32-x86_64\bin\extnet.dll
0x00007fff832d0000 - 0x00007fff832de000 	C:\Users\saisr\.cursor\extensions\redhat.java-1.54.0-win32-x64\jre\21.0.10-win32-x86_64\bin\sunmscapi.dll
0x00007fffa5850000 - 0x00007fffa5880000 	C:\WINDOWS\SYSTEM32\ncrypt.dll
0x00007fffa5800000 - 0x00007fffa583f000 	C:\WINDOWS\SYSTEM32\NTASN1.dll
0x00007fff94830000 - 0x00007fff94838000 	C:\WINDOWS\system32\wshunix.dll

JVMTI agents:
C:\Users\saisr\.gradle\wrapper\dists\gradle-8.11.1-bin\bpt9gzteqjrbo1mjrsomdt32c\gradle-8.11.1\lib\agents\gradle-instrumentation-agent-8.11.1.jar path:C:\Users\saisr\.cursor\extensions\redhat.java-1.54.0-win32-x64\jre\21.0.10-win32-x86_64\bin\instrument.dll, loaded, initialized, instrumentlib options:none

dbghelp: loaded successfully - version: 4.0.5 - missing functions: none
symbol engine: initialized successfully - sym options: 0x614 - pdb path: .;C:\Users\saisr\.cursor\extensions\redhat.java-1.54.0-win32-x64\jre\21.0.10-win32-x86_64\bin;C:\WINDOWS\SYSTEM32;C:\WINDOWS\WinSxS\amd64_microsoft.windows.common-controls_6595b64144ccf1df_6.0.26100.8521_none_3e08b75ce33403b3;C:\Users\saisr\.cursor\extensions\redhat.java-1.54.0-win32-x64\jre\21.0.10-win32-x86_64\bin\server;C:\Users\saisr\.gradle\native\c067742578af261105cb4f569cf0c3c89f3d7b1fecec35dd04571415982c5e48\windows-amd64;C:\Users\saisr\.gradle\native\100fb08df4bc3b14c8652ba06237920a3bd2aa13389f12d3474272988ae205f9\windows-amd64

VM Arguments:
jvm_args: --add-opens=java.base/java.lang=ALL-UNNAMED --add-opens=java.base/java.lang.invoke=ALL-UNNAMED --add-opens=java.base/java.util=ALL-UNNAMED --add-opens=java.prefs/java.util.prefs=ALL-UNNAMED --add-exports=jdk.compiler/com.sun.tools.javac.api=ALL-UNNAMED --add-exports=jdk.compiler/com.sun.tools.javac.util=ALL-UNNAMED --add-opens=java.base/java.util=ALL-UNNAMED --add-opens=java.prefs/java.util.prefs=ALL-UNNAMED --add-opens=java.base/java.nio.charset=ALL-UNNAMED --add-opens=java.base/java.net=ALL-UNNAMED --add-opens=java.base/java.util.concurrent.atomic=ALL-UNNAMED --add-opens=java.xml/javax.xml.namespace=ALL-UNNAMED -Xmx2048m -Dfile.encoding=UTF-8 -Duser.country=IN -Duser.language=en -Duser.variant -javaagent:C:\Users\saisr\.gradle\wrapper\dists\gradle-8.11.1-bin\bpt9gzteqjrbo1mjrsomdt32c\gradle-8.11.1\lib\agents\gradle-instrumentation-agent-8.11.1.jar 
java_command: org.gradle.launcher.daemon.bootstrap.GradleDaemon 8.11.1
java_class_path (initial): C:\Users\saisr\.gradle\wrapper\dists\gradle-8.11.1-bin\bpt9gzteqjrbo1mjrsomdt32c\gradle-8.11.1\lib\gradle-daemon-main-8.11.1.jar
Launcher Type: SUN_STANDARD

[Global flags]
     intx CICompilerCount                          = 12                                        {product} {ergonomic}
     uint ConcGCThreads                            = 3                                         {product} {ergonomic}
     uint G1ConcRefinementThreads                  = 13                                        {product} {ergonomic}
   size_t G1HeapRegionSize                         = 1048576                                   {product} {ergonomic}
    uintx GCDrainStackTargetSize                   = 64                                        {product} {ergonomic}
   size_t InitialHeapSize                          = 232783872                                 {product} {ergonomic}
   size_t MarkStackSize                            = 4194304                                   {product} {ergonomic}
   size_t MaxHeapSize                              = 2147483648                                {product} {command line}
   size_t MaxNewSize                               = 1287651328                                {product} {ergonomic}
   size_t MinHeapDeltaBytes                        = 1048576                                   {product} {ergonomic}
   size_t MinHeapSize                              = 8388608                                   {product} {ergonomic}
    uintx NonNMethodCodeHeapSize                   = 7602480                                {pd product} {ergonomic}
    uintx NonProfiledCodeHeapSize                  = 122027880                              {pd product} {ergonomic}
    uintx ProfiledCodeHeapSize                     = 122027880                              {pd product} {ergonomic}
    uintx ReservedCodeCacheSize                    = 251658240                              {pd product} {ergonomic}
     bool SegmentedCodeCache                       = true                                      {product} {ergonomic}
   size_t SoftMaxHeapSize                          = 2147483648                             {manageable} {ergonomic}
     bool UseCompressedOops                        = true                           {product lp64_product} {ergonomic}
     bool UseG1GC                                  = true                                      {product} {ergonomic}
     bool UseLargePagesIndividualAllocation        = false                                  {pd product} {ergonomic}

Logging:
Log output configuration:
 #0: stdout all=warning uptime,level,tags foldmultilines=false
 #1: stderr all=off uptime,level,tags foldmultilines=false

Release file:
JAVA_VERSION="21.0.10" 
MODULES="java.base java.compiler java.datatransfer java.xml java.prefs java.desktop java.instrument java.logging java.management java.security.sasl java.naming java.rmi java.management.rmi java.net.http java.scripting java.security.jgss java.transaction.xa java.sql java.sql.rowset java.xml.crypto java.se java.smartcardio jdk.accessibility jdk.internal.jvmstat jdk.attach jdk.charsets jdk.internal.opt jdk.zipfs jdk.compiler jdk.crypto.ec jdk.crypto.cryptoki jdk.crypto.mscapi jdk.dynalink jdk.internal.ed jdk.editpad jdk.hotspot.agent jdk.httpserver jdk.internal.le jdk.internal.vm.ci jdk.internal.vm.compiler jdk.internal.vm.compiler.management jdk.jartool jdk.javadoc jdk.jcmd jdk.management jdk.management.agent jdk.jconsole jdk.jdeps jdk.jdwp.agent jdk.jdi jdk.jfr jdk.jshell jdk.jsobject jdk.jstatd jdk.localedata jdk.management.jfr jdk.naming.dns jdk.naming.rmi jdk.net jdk.nio.mapmode jdk.random jdk.sctp jdk.security.auth jdk.security.jgss jdk.unsupported jdk.unsupported.desktop jdk.xml.dom" 

Environment Variables:
PATH=c:\Users\saisr\AppData\Local\Programs\cursor\resources\app\bin;C:\Program Files\Google\Chrome\Application;C:\Program Files (x86)\Common Files\Intel\Shared Libraries\redist\intel64\compiler;C:\Program Files\Common Files\Oracle\Java\javapath;C:\WINDOWS\system32;C:\WINDOWS;C:\WINDOWS\System32\Wbem;C:\WINDOWS\System32\WindowsPowerShell\v1.0\;C:\WINDOWS\System32\OpenSSH\;C:\Users\saisr\AppData\Local\Programs\Python\Launcher\;C:\Users\saisr\AppData\Local\Microsoft\WindowsApps;C:\Users\saisr\Downloads;C:\Users\saisr\AppData\Roaming\npm;C:\Users\saisr\AppData\Local\Programs\Python\Python313\Scripts;C:\Program Files\PostgreSQL\17\bin;C:\Program Files\nodejs\;C:\Program Files\Git\cmd;C:\WINDOWS\system32;C:\WINDOWS;C:\WINDOWS\System32\Wbem;C:\WINDOWS\System32\WindowsPowerShell\v1.0\;C:\WINDOWS\System32\OpenSSH\;C:\Program Files\dotnet\;C:\Program Files\Docker\Docker\resources\bin;C:\Program Files\MATLAB\R2026a\bin;C:\Users\saisr\AppData\Local\Programs\Python\Python311\Scripts\;C:\Users\saisr\AppData\Local\Programs\Python\Python311\;C:\Users\saisr\AppData\Local\Programs\Python\Launcher\;C:\Users\saisr\AppData\Local\Microsoft\WindowsApps;C:\Users\saisr\AppData\Local\Programs\Microsoft VS Code\bin;C:\Users\saisr\Downloads;C:\Users\saisr\AppData\Local\Programs\Python\Python313\Scripts;C:\Users\saisr\AppData\Local\Programs\cursor\resources\app\bin;C:\ProgramData\Microsoft\Windows\Start Menu\Programs\PostgreSQL 17;C:\Users\saisr\AppData\Roaming\npm;C:\Users\saisr\AppData\Local\Microsoft\WinGet\Packages\yt-dlp.FFmpeg_Microsoft.Winget.Source_8wekyb3d8bbwe\ffmpeg-N-121583-g4348bde2d2-win64-gpl/bin;C:\Users\saisr\AppData\Local\Microsoft\WinGet\Packages\yt-dlp.yt-dlp_Microsoft.Winget.Source_8wekyb3d8bbwe;C:\Users\saisr\AppData\Local\Programs\Antigravity\bin;C:\Users\saisr\AppData\Local\Programs\Antigravity IDE\bin
USERNAME=saisradha
OS=Windows_NT
PROCESSOR_IDENTIFIER=AMD64 Family 23 Model 104 Stepping 1, AuthenticAMD
TMP=C:\Users\saisr\AppData\Local\Temp
TEMP=C:\Users\saisr\AppData\Local\Temp




Periodic native trim disabled

---------------  S Y S T E M  ---------------

OS:
 Windows 11 , 64 bit Build 26100 (10.0.26100.8521)
OS uptime: 2 days 10:27 hours
Hyper-V role detected

CPU: total 16 (initial active 16) (16 cores per cpu, 2 threads per core) family 23 model 104 stepping 1 microcode 0x8608103, cx8, cmov, fxsr, ht, mmx, 3dnowpref, sse, sse2, sse3, ssse3, sse4a, sse4.1, sse4.2, popcnt, lzcnt, tsc, tscinvbit, avx, avx2, aes, clmul, bmi1, bmi2, adx, sha, fma, vzeroupper, clflush, clflushopt, hv, rdtscp, rdpid, f16c
Processor Information for the first 16 processors :
  Max Mhz: 1801, Current Mhz: 1801, Mhz Limit: 1801

Memory: 4k page, system-wide physical 14181M (487M free)
TotalPageFile size 57189M (AvailPageFile size 0M)
current process WorkingSet (physical memory assigned to process): 292M, peak: 301M
current process commit charge ("private bytes"): 338M, peak: 421M

vm_info: OpenJDK 64-Bit Server VM (21.0.10+7-LTS) for windows-amd64 JRE (21.0.10+7-LTS), built on 2026-01-20T00:00:00Z by "admin" with MS VC++ 17.12 (VS2022)

END.
